2020-07-13 14:21:08,020 INFO o.a.j.u.JMeterUtils: Setting Locale to en_EN
2020-07-13 14:21:08,038 INFO o.a.j.JMeter: Loading user properties from: user.properties
2020-07-13 14:21:08,042 INFO o.a.j.JMeter: Loading system properties from: system.properties
2020-07-13 14:21:08,044 INFO o.a.j.JMeter: Setting JMeter property: users=1
2020-07-13 14:21:08,045 INFO o.a.j.JMeter: Setting JMeter property: rampup=1
2020-07-13 14:21:08,052 INFO o.a.j.JMeter: Copyright (c) 1998-2018 The Apache Software Foundation
2020-07-13 14:21:08,052 INFO o.a.j.JMeter: Version 4.0 r1823414
2020-07-13 14:21:08,052 INFO o.a.j.JMeter: java.version=1.8.0_144
2020-07-13 14:21:08,052 INFO o.a.j.JMeter: java.vm.name=Java HotSpot(TM) 64-Bit Server VM
2020-07-13 14:21:08,052 INFO o.a.j.JMeter: os.name=Windows 8.1
2020-07-13 14:21:08,053 INFO o.a.j.JMeter: os.arch=amd64
2020-07-13 14:21:08,053 INFO o.a.j.JMeter: os.version=6.3
2020-07-13 14:21:08,053 INFO o.a.j.JMeter: file.encoding=Cp1252
2020-07-13 14:21:08,053 INFO o.a.j.JMeter: Max memory     =1073741824
2020-07-13 14:21:08,053 INFO o.a.j.JMeter: Available Processors =4
2020-07-13 14:21:08,061 INFO o.a.j.JMeter: Default Locale=English (EN)
2020-07-13 14:21:08,061 INFO o.a.j.JMeter: JMeter  Locale=English (EN)
2020-07-13 14:21:08,062 INFO o.a.j.JMeter: JMeterHome=F:\apache-jmeter-4.0
2020-07-13 14:21:08,062 INFO o.a.j.JMeter: user.dir  =F:\apache-jmeter-4.0\bin
2020-07-13 14:21:08,062 INFO o.a.j.JMeter: PWD       =F:\apache-jmeter-4.0\bin
2020-07-13 14:21:08,063 INFO o.a.j.JMeter: IP: 192.168.1.5 Name: Piyush FullName: Piyush.COMPRO
2020-07-13 14:21:08,066 INFO o.a.j.s.FileServer: Default base='F:\apache-jmeter-4.0\bin'
2020-07-13 14:21:08,073 INFO o.a.j.s.FileServer: Set new base='F:\apache-jmeter-4.0\bin'
2020-07-13 14:21:08,237 INFO o.a.j.s.SaveService: Testplan (JMX) version: 2.2. Testlog (JTL) version: 2.2
2020-07-13 14:21:08,252 INFO o.a.j.s.SaveService: Using SaveService properties file encoding UTF-8
2020-07-13 14:21:08,257 INFO o.a.j.s.SaveService: Using SaveService properties version 4.0
2020-07-13 14:21:08,265 INFO o.a.j.s.SaveService: Loading file: data_creation_nongui.jmx
2020-07-13 14:21:08,626 INFO o.a.j.c.IncludeController: loadIncludedElements -- try to load included module: F:\apache-jmeter-4.0\bin\join_a_space_with_space_code.jmx
2020-07-13 14:21:08,626 INFO o.a.j.s.SaveService: Loading file: join_a_space_with_space_code.jmx
2020-07-13 14:21:08,637 INFO o.a.j.p.h.s.HTTPSamplerBase: Parser for text/html is org.apache.jmeter.protocol.http.parser.LagartoBasedHtmlParser
2020-07-13 14:21:08,638 INFO o.a.j.p.h.s.HTTPSamplerBase: Parser for application/xhtml+xml is org.apache.jmeter.protocol.http.parser.LagartoBasedHtmlParser
2020-07-13 14:21:08,638 INFO o.a.j.p.h.s.HTTPSamplerBase: Parser for application/xml is org.apache.jmeter.protocol.http.parser.LagartoBasedHtmlParser
2020-07-13 14:21:08,638 INFO o.a.j.p.h.s.HTTPSamplerBase: Parser for text/xml is org.apache.jmeter.protocol.http.parser.LagartoBasedHtmlParser
2020-07-13 14:21:08,638 INFO o.a.j.p.h.s.HTTPSamplerBase: Parser for text/vnd.wap.wml is org.apache.jmeter.protocol.http.parser.RegexpHTMLParser
2020-07-13 14:21:08,638 INFO o.a.j.p.h.s.HTTPSamplerBase: Parser for text/css is org.apache.jmeter.protocol.http.parser.CssParser
2020-07-13 14:21:08,653 INFO o.a.j.c.IncludeController: loadIncludedElements -- try to load included module: F:\apache-jmeter-4.0\bin\get_all_the_User_Spaces.jmx
2020-07-13 14:21:08,653 INFO o.a.j.s.SaveService: Loading file: get_all_the_User_Spaces.jmx
2020-07-13 14:21:08,656 INFO o.a.j.c.IncludeController: loadIncludedElements -- try to load included module: F:\apache-jmeter-4.0\bin\get_an_access_token_for_an_external_user.jmx
2020-07-13 14:21:08,656 INFO o.a.j.s.SaveService: Loading file: get_an_access_token_for_an_external_user.jmx
2020-07-13 14:21:08,659 INFO o.a.j.c.IncludeController: loadIncludedElements -- try to load included module: F:\apache-jmeter-4.0\bin\create_new_instructor_led_class.jmx
2020-07-13 14:21:08,659 INFO o.a.j.s.SaveService: Loading file: create_new_instructor_led_class.jmx
2020-07-13 14:21:08,661 INFO o.a.j.c.IncludeController: loadIncludedElements -- try to load included module: F:\apache-jmeter-4.0\bin\associate_a_product_with_class2.jmx
2020-07-13 14:21:08,661 INFO o.a.j.s.SaveService: Loading file: associate_a_product_with_class2.jmx
2020-07-13 14:21:08,662 INFO o.a.j.c.IncludeController: loadIncludedElements -- try to load included module: F:\apache-jmeter-4.0\bin\join_Spaces_with_product_code_and_class_code.jmx
2020-07-13 14:21:08,662 INFO o.a.j.s.SaveService: Loading file: join_Spaces_with_product_code_and_class_code.jmx
2020-07-13 14:21:08,664 INFO o.a.j.c.IncludeController: loadIncludedElements -- try to load included module: F:\apache-jmeter-4.0\bin\Join_a_space_with_space_code.jmx
2020-07-13 14:21:08,664 INFO o.a.j.s.SaveService: Loading file: Join_a_space_with_space_code.jmx
2020-07-13 14:21:08,665 INFO o.a.j.c.IncludeController: loadIncludedElements -- try to load included module: F:\apache-jmeter-4.0\bin\Get_all_the_User_Spaces.jmx
2020-07-13 14:21:08,665 INFO o.a.j.s.SaveService: Loading file: Get_all_the_User_Spaces.jmx
2020-07-13 14:21:08,666 INFO o.a.j.c.IncludeController: loadIncludedElements -- try to load included module: F:\apache-jmeter-4.0\bin\Get_an_access_token_for_an_external_user.jmx
2020-07-13 14:21:08,666 INFO o.a.j.s.SaveService: Loading file: Get_an_access_token_for_an_external_user.jmx
2020-07-13 14:21:08,667 INFO o.a.j.c.IncludeController: loadIncludedElements -- try to load included module: F:\apache-jmeter-4.0\bin\create_new_instructor_led_class.jmx
2020-07-13 14:21:08,667 INFO o.a.j.s.SaveService: Loading file: create_new_instructor_led_class.jmx
2020-07-13 14:21:08,669 INFO o.a.j.c.IncludeController: loadIncludedElements -- try to load included module: F:\apache-jmeter-4.0\bin\associate_a_product_with_class2.jmx
2020-07-13 14:21:08,669 INFO o.a.j.s.SaveService: Loading file: associate_a_product_with_class2.jmx
2020-07-13 14:21:08,671 INFO o.a.j.c.IncludeController: loadIncludedElements -- try to load included module: F:\apache-jmeter-4.0\bin\create_an_assigned_path_in_a_class.jmx
2020-07-13 14:21:08,671 INFO o.a.j.s.SaveService: Loading file: create_an_assigned_path_in_a_class.jmx
2020-07-13 14:21:08,673 INFO o.a.j.c.IncludeController: loadIncludedElements -- try to load included module: F:\apache-jmeter-4.0\bin\Join_a_space_with_space_code.jmx
2020-07-13 14:21:08,674 INFO o.a.j.s.SaveService: Loading file: Join_a_space_with_space_code.jmx
2020-07-13 14:21:08,675 INFO o.a.j.c.IncludeController: loadIncludedElements -- try to load included module: F:\apache-jmeter-4.0\bin\Get_all_the_User_Spaces.jmx
2020-07-13 14:21:08,675 INFO o.a.j.s.SaveService: Loading file: Get_all_the_User_Spaces.jmx
2020-07-13 14:21:08,678 INFO o.a.j.c.IncludeController: loadIncludedElements -- try to load included module: F:\apache-jmeter-4.0\bin\Get_an_access_token_for_an_external_user.jmx
2020-07-13 14:21:08,678 INFO o.a.j.s.SaveService: Loading file: Get_an_access_token_for_an_external_user.jmx
2020-07-13 14:21:08,680 INFO o.a.j.c.IncludeController: loadIncludedElements -- try to load included module: F:\apache-jmeter-4.0\bin\create_new_instructor_led_class.jmx
2020-07-13 14:21:08,680 INFO o.a.j.s.SaveService: Loading file: create_new_instructor_led_class.jmx
2020-07-13 14:21:08,683 INFO o.a.j.c.IncludeController: loadIncludedElements -- try to load included module: F:\apache-jmeter-4.0\bin\associate_a_product_with_class2.jmx
2020-07-13 14:21:08,683 INFO o.a.j.s.SaveService: Loading file: associate_a_product_with_class2.jmx
2020-07-13 14:21:08,684 INFO o.a.j.c.IncludeController: loadIncludedElements -- try to load included module: F:\apache-jmeter-4.0\bin\Join_a_space_with_space_code.jmx
2020-07-13 14:21:08,684 INFO o.a.j.s.SaveService: Loading file: Join_a_space_with_space_code.jmx
2020-07-13 14:21:08,685 INFO o.a.j.c.IncludeController: loadIncludedElements -- try to load included module: F:\apache-jmeter-4.0\bin\Get_all_the_User_Spaces.jmx
2020-07-13 14:21:08,685 INFO o.a.j.s.SaveService: Loading file: Get_all_the_User_Spaces.jmx
2020-07-13 14:21:08,686 INFO o.a.j.c.IncludeController: loadIncludedElements -- try to load included module: F:\apache-jmeter-4.0\bin\Get_an_access_token_for_an_external_user.jmx
2020-07-13 14:21:08,687 INFO o.a.j.s.SaveService: Loading file: Get_an_access_token_for_an_external_user.jmx
2020-07-13 14:21:08,688 INFO o.a.j.c.IncludeController: loadIncludedElements -- try to load included module: F:\apache-jmeter-4.0\bin\create_new_instructor_led_class.jmx
2020-07-13 14:21:08,688 INFO o.a.j.s.SaveService: Loading file: create_new_instructor_led_class.jmx
2020-07-13 14:21:08,689 INFO o.a.j.c.IncludeController: loadIncludedElements -- try to load included module: F:\apache-jmeter-4.0\bin\Join_a_space_with_space_code.jmx
2020-07-13 14:21:08,689 INFO o.a.j.s.SaveService: Loading file: Join_a_space_with_space_code.jmx
2020-07-13 14:21:08,692 INFO o.a.j.c.IncludeController: loadIncludedElements -- try to load included module: F:\apache-jmeter-4.0\bin\Get_all_the_User_Spaces.jmx
2020-07-13 14:21:08,692 INFO o.a.j.s.SaveService: Loading file: Get_all_the_User_Spaces.jmx
2020-07-13 14:21:08,693 INFO o.a.j.c.IncludeController: loadIncludedElements -- try to load included module: F:\apache-jmeter-4.0\bin\Get_an_access_token_for_an_external_user.jmx
2020-07-13 14:21:08,693 INFO o.a.j.s.SaveService: Loading file: Get_an_access_token_for_an_external_user.jmx
2020-07-13 14:21:08,694 INFO o.a.j.c.IncludeController: loadIncludedElements -- try to load included module: F:\apache-jmeter-4.0\bin\Join_a_space_with_space_code.jmx
2020-07-13 14:21:08,695 INFO o.a.j.s.SaveService: Loading file: Join_a_space_with_space_code.jmx
2020-07-13 14:21:08,695 INFO o.a.j.c.IncludeController: loadIncludedElements -- try to load included module: F:\apache-jmeter-4.0\bin\Get_all_the_User_Spaces.jmx
2020-07-13 14:21:08,696 INFO o.a.j.s.SaveService: Loading file: Get_all_the_User_Spaces.jmx
2020-07-13 14:21:08,696 INFO o.a.j.c.IncludeController: loadIncludedElements -- try to load included module: F:\apache-jmeter-4.0\bin\Get_an_access_token_for_an_external_user.jmx
2020-07-13 14:21:08,697 INFO o.a.j.s.SaveService: Loading file: Get_an_access_token_for_an_external_user.jmx
2020-07-13 14:21:08,698 INFO o.a.j.c.IncludeController: loadIncludedElements -- try to load included module: F:\apache-jmeter-4.0\bin\create_new_instructor_led_class.jmx
2020-07-13 14:21:08,698 INFO o.a.j.s.SaveService: Loading file: create_new_instructor_led_class.jmx
2020-07-13 14:21:08,699 INFO o.a.j.c.IncludeController: loadIncludedElements -- try to load included module: F:\apache-jmeter-4.0\bin\associate_a_product_with_class2.jmx
2020-07-13 14:21:08,699 INFO o.a.j.s.SaveService: Loading file: associate_a_product_with_class2.jmx
2020-07-13 14:21:08,700 INFO o.a.j.c.IncludeController: loadIncludedElements -- try to load included module: F:\apache-jmeter-4.0\bin\join_Spaces_with_product_code_and_class_code_private.jmx
2020-07-13 14:21:08,700 INFO o.a.j.s.SaveService: Loading file: join_Spaces_with_product_code_and_class_code_private.jmx
2020-07-13 14:21:08,701 INFO o.a.j.c.IncludeController: loadIncludedElements -- try to load included module: F:\apache-jmeter-4.0\bin\Get_all_the_User_Spaces.jmx
2020-07-13 14:21:08,701 INFO o.a.j.s.SaveService: Loading file: Get_all_the_User_Spaces.jmx
2020-07-13 14:21:08,703 INFO o.a.j.c.IncludeController: loadIncludedElements -- try to load included module: F:\apache-jmeter-4.0\bin\Get_all_the_User_Spaces.jmx
2020-07-13 14:21:08,703 INFO o.a.j.s.SaveService: Loading file: Get_all_the_User_Spaces.jmx
2020-07-13 14:21:08,704 INFO o.a.j.c.IncludeController: loadIncludedElements -- try to load included module: F:\apache-jmeter-4.0\bin\Get_an_access_token_for_an_external_user.jmx
2020-07-13 14:21:08,704 INFO o.a.j.s.SaveService: Loading file: Get_an_access_token_for_an_external_user.jmx
2020-07-13 14:21:08,706 INFO o.a.j.c.IncludeController: loadIncludedElements -- try to load included module: F:\apache-jmeter-4.0\bin\get_classes_of_an_user.jmx
2020-07-13 14:21:08,706 INFO o.a.j.s.SaveService: Loading file: get_classes_of_an_user.jmx
2020-07-13 14:21:08,713 INFO o.a.j.c.IncludeController: loadIncludedElements -- try to load included module: F:\apache-jmeter-4.0\bin\send_invitation_to_existing_students.jmx
2020-07-13 14:21:08,713 INFO o.a.j.s.SaveService: Loading file: send_invitation_to_existing_students.jmx
2020-07-13 14:21:08,718 INFO o.a.j.c.IncludeController: loadIncludedElements -- try to load included module: F:\apache-jmeter-4.0\bin\Get_multiple_invitations_by_contextid.jmx
2020-07-13 14:21:08,718 INFO o.a.j.s.SaveService: Loading file: Get_multiple_invitations_by_contextid.jmx
2020-07-13 14:21:08,722 INFO o.a.j.c.IncludeController: loadIncludedElements -- try to load included module: F:\apache-jmeter-4.0\bin\Join_a_space_with_space_code.jmx
2020-07-13 14:21:08,722 INFO o.a.j.s.SaveService: Loading file: Join_a_space_with_space_code.jmx
2020-07-13 14:21:08,727 INFO o.a.j.c.IncludeController: loadIncludedElements -- try to load included module: F:\apache-jmeter-4.0\bin\Get_all_the_User_Spaces.jmx
2020-07-13 14:21:08,727 INFO o.a.j.s.SaveService: Loading file: Get_all_the_User_Spaces.jmx
2020-07-13 14:21:08,729 INFO o.a.j.c.IncludeController: loadIncludedElements -- try to load included module: F:\apache-jmeter-4.0\bin\Get_an_access_token_for_an_external_user.jmx
2020-07-13 14:21:08,729 INFO o.a.j.s.SaveService: Loading file: Get_an_access_token_for_an_external_user.jmx
2020-07-13 14:21:08,730 INFO o.a.j.c.IncludeController: loadIncludedElements -- try to load included module: F:\apache-jmeter-4.0\bin\create_new_instructor_led_class.jmx
2020-07-13 14:21:08,730 INFO o.a.j.s.SaveService: Loading file: create_new_instructor_led_class.jmx
2020-07-13 14:21:08,732 INFO o.a.j.c.IncludeController: loadIncludedElements -- try to load included module: F:\apache-jmeter-4.0\bin\associate_a_product_with_class2.jmx
2020-07-13 14:21:08,732 INFO o.a.j.s.SaveService: Loading file: associate_a_product_with_class2.jmx
2020-07-13 14:21:08,733 INFO o.a.j.c.IncludeController: loadIncludedElements -- try to load included module: F:\apache-jmeter-4.0\bin\create_an_assigned_path_in_a_class.jmx
2020-07-13 14:21:08,733 INFO o.a.j.s.SaveService: Loading file: create_an_assigned_path_in_a_class.jmx
2020-07-13 14:21:08,734 INFO o.a.j.c.IncludeController: loadIncludedElements -- try to load included module: F:\apache-jmeter-4.0\bin\send_invitation_to_new_students.jmx
2020-07-13 14:21:08,734 INFO o.a.j.s.SaveService: Loading file: send_invitation_to_new_students.jmx
2020-07-13 14:21:08,735 INFO o.a.j.c.IncludeController: loadIncludedElements -- try to load included module: F:\apache-jmeter-4.0\bin\Get_multiple_invitations_by_contextid.jmx
2020-07-13 14:21:08,735 INFO o.a.j.s.SaveService: Loading file: Get_multiple_invitations_by_contextid.jmx
2020-07-13 14:21:08,736 INFO o.a.j.c.IncludeController: loadIncludedElements -- try to load included module: F:\apache-jmeter-4.0\bin\Get_all_the_User_Spaces.jmx
2020-07-13 14:21:08,736 INFO o.a.j.s.SaveService: Loading file: Get_all_the_User_Spaces.jmx
2020-07-13 14:21:08,737 INFO o.a.j.c.IncludeController: loadIncludedElements -- try to load included module: F:\apache-jmeter-4.0\bin\Get_an_access_token_for_an_external_user.jmx
2020-07-13 14:21:08,737 INFO o.a.j.s.SaveService: Loading file: Get_an_access_token_for_an_external_user.jmx
2020-07-13 14:21:08,738 INFO o.a.j.c.IncludeController: loadIncludedElements -- try to load included module: F:\apache-jmeter-4.0\bin\get_classes_of_an_user.jmx
2020-07-13 14:21:08,738 INFO o.a.j.s.SaveService: Loading file: get_classes_of_an_user.jmx
2020-07-13 14:21:08,743 INFO o.a.j.c.IncludeController: loadIncludedElements -- try to load included module: F:\apache-jmeter-4.0\bin\send_invitation_to_existing_teacher.jmx
2020-07-13 14:21:08,744 INFO o.a.j.s.SaveService: Loading file: send_invitation_to_existing_teacher.jmx
2020-07-13 14:21:08,745 INFO o.a.j.c.IncludeController: loadIncludedElements -- try to load included module: F:\apache-jmeter-4.0\bin\Get_multiple_invitations_by_contextid_existing_teacher.jmx
2020-07-13 14:21:08,746 INFO o.a.j.s.SaveService: Loading file: Get_multiple_invitations_by_contextid_existing_teacher.jmx
2020-07-13 14:21:08,747 INFO o.a.j.c.IncludeController: loadIncludedElements -- try to load included module: F:\apache-jmeter-4.0\bin\Get_all_the_User_Spaces.jmx
2020-07-13 14:21:08,747 INFO o.a.j.s.SaveService: Loading file: Get_all_the_User_Spaces.jmx
2020-07-13 14:21:08,748 INFO o.a.j.c.IncludeController: loadIncludedElements -- try to load included module: F:\apache-jmeter-4.0\bin\Get_an_access_token_for_an_external_user.jmx
2020-07-13 14:21:08,748 INFO o.a.j.s.SaveService: Loading file: Get_an_access_token_for_an_external_user.jmx
2020-07-13 14:21:08,749 INFO o.a.j.c.IncludeController: loadIncludedElements -- try to load included module: F:\apache-jmeter-4.0\bin\get_classes_of_an_user.jmx
2020-07-13 14:21:08,749 INFO o.a.j.s.SaveService: Loading file: get_classes_of_an_user.jmx
2020-07-13 14:21:08,750 INFO o.a.j.c.IncludeController: loadIncludedElements -- try to load included module: F:\apache-jmeter-4.0\bin\send_invitation_to_new_teacher.jmx
2020-07-13 14:21:08,751 INFO o.a.j.s.SaveService: Loading file: send_invitation_to_new_teacher.jmx
2020-07-13 14:21:08,751 INFO o.a.j.c.IncludeController: loadIncludedElements -- try to load included module: F:\apache-jmeter-4.0\bin\Get_multiple_invitations_by_contextid.jmx
2020-07-13 14:21:08,752 INFO o.a.j.s.SaveService: Loading file: Get_multiple_invitations_by_contextid.jmx
2020-07-13 14:21:08,753 INFO o.a.j.c.IncludeController: loadIncludedElements -- try to load included module: F:\apache-jmeter-4.0\bin\Join_Spaces_with_product_code_and_class_code.jmx
2020-07-13 14:21:08,753 INFO o.a.j.s.SaveService: Loading file: Join_Spaces_with_product_code_and_class_code.jmx
2020-07-13 14:21:08,754 INFO o.a.j.c.IncludeController: loadIncludedElements -- try to load included module: F:\apache-jmeter-4.0\bin\1003-Student_logs_in_and_accesses_the_dashboard.jmx
2020-07-13 14:21:08,754 INFO o.a.j.s.SaveService: Loading file: 1003-Student_logs_in_and_accesses_the_dashboard.jmx
2020-07-13 14:21:08,754 INFO o.a.j.c.IncludeController: loadIncludedElements -- try to load included module: F:\apache-jmeter-4.0\bin\1009-Student_accesses_the_learning_path_of_a_product_as_part_of_a_teacher-led_class.jmx
2020-07-13 14:21:08,754 INFO o.a.j.s.SaveService: Loading file: 1009-Student_accesses_the_learning_path_of_a_product_as_part_of_a_teacher-led_class.jmx
2020-07-13 14:21:08,755 INFO o.a.j.c.IncludeController: loadIncludedElements -- try to load included module: F:\apache-jmeter-4.0\bin\Add_statements.jmx
2020-07-13 14:21:08,756 INFO o.a.j.s.SaveService: Loading file: Add_statements.jmx
2020-07-13 14:21:08,760 INFO o.a.j.c.IncludeController: loadIncludedElements -- try to load included module: F:\apache-jmeter-4.0\bin\1003-Student_logs_in_and_accesses_the_dashboard.jmx
2020-07-13 14:21:08,760 INFO o.a.j.s.SaveService: Loading file: 1003-Student_logs_in_and_accesses_the_dashboard.jmx
2020-07-13 14:21:08,761 INFO o.a.j.c.IncludeController: loadIncludedElements -- try to load included module: F:\apache-jmeter-4.0\bin\1009-Student_accesses_the_learning_path_of_a_product_as_part_of_a_teacher-led_class.jmx
2020-07-13 14:21:08,761 INFO o.a.j.s.SaveService: Loading file: 1009-Student_accesses_the_learning_path_of_a_product_as_part_of_a_teacher-led_class.jmx
2020-07-13 14:21:08,763 INFO o.a.j.c.IncludeController: loadIncludedElements -- try to load included module: F:\apache-jmeter-4.0\bin\Add_statements_pskill.jmx
2020-07-13 14:21:08,763 INFO o.a.j.s.SaveService: Loading file: Add_statements_pskill.jmx
2020-07-13 14:21:08,765 INFO o.a.j.c.IncludeController: loadIncludedElements -- try to load included module: F:\apache-jmeter-4.0\bin\Pskill_Item_progress_analytic_progress_true.jmx
2020-07-13 14:21:08,765 INFO o.a.j.s.SaveService: Loading file: Pskill_Item_progress_analytic_progress_true.jmx
2020-07-13 14:21:08,767 INFO o.a.j.c.IncludeController: loadIncludedElements -- try to load included module: F:\apache-jmeter-4.0\bin\Join_a_space_with_space_code_teacher2.jmx
2020-07-13 14:21:08,767 INFO o.a.j.s.SaveService: Loading file: Join_a_space_with_space_code_teacher2.jmx
2020-07-13 14:21:08,768 INFO o.a.j.c.IncludeController: loadIncludedElements -- try to load included module: F:\apache-jmeter-4.0\bin\Get_all_the_User_Spaces_teacher2.jmx
2020-07-13 14:21:08,768 INFO o.a.j.s.SaveService: Loading file: Get_all_the_User_Spaces_teacher2.jmx
2020-07-13 14:21:08,769 INFO o.a.j.c.IncludeController: loadIncludedElements -- try to load included module: F:\apache-jmeter-4.0\bin\Get_an_access_token_for_an_external_user_teacher2.jmx
2020-07-13 14:21:08,769 INFO o.a.j.s.SaveService: Loading file: Get_an_access_token_for_an_external_user_teacher2.jmx
2020-07-13 14:21:08,770 INFO o.a.j.c.IncludeController: loadIncludedElements -- try to load included module: F:\apache-jmeter-4.0\bin\create_new_instructor_led_class_teacher2.jmx
2020-07-13 14:21:08,770 INFO o.a.j.s.SaveService: Loading file: create_new_instructor_led_class_teacher2.jmx
2020-07-13 14:21:08,771 INFO o.a.j.c.IncludeController: loadIncludedElements -- try to load included module: F:\apache-jmeter-4.0\bin\associate_a_product_with_class2_teacher2.jmx
2020-07-13 14:21:08,771 INFO o.a.j.s.SaveService: Loading file: associate_a_product_with_class2_teacher2.jmx
2020-07-13 14:21:08,772 INFO o.a.j.c.IncludeController: loadIncludedElements -- try to load included module: F:\apache-jmeter-4.0\bin\Join_a_space_with_space_code.jmx
2020-07-13 14:21:08,772 INFO o.a.j.s.SaveService: Loading file: Join_a_space_with_space_code.jmx
2020-07-13 14:21:08,774 INFO o.a.j.c.IncludeController: loadIncludedElements -- try to load included module: F:\apache-jmeter-4.0\bin\Get_all_the_User_Spaces.jmx
2020-07-13 14:21:08,774 INFO o.a.j.s.SaveService: Loading file: Get_all_the_User_Spaces.jmx
2020-07-13 14:21:08,776 INFO o.a.j.c.IncludeController: loadIncludedElements -- try to load included module: F:\apache-jmeter-4.0\bin\Get_an_access_token_for_an_external_user.jmx
2020-07-13 14:21:08,776 INFO o.a.j.s.SaveService: Loading file: Get_an_access_token_for_an_external_user.jmx
2020-07-13 14:21:08,777 INFO o.a.j.c.IncludeController: loadIncludedElements -- try to load included module: F:\apache-jmeter-4.0\bin\create_new_instructor_led_class.jmx
2020-07-13 14:21:08,777 INFO o.a.j.s.SaveService: Loading file: create_new_instructor_led_class.jmx
2020-07-13 14:21:08,778 INFO o.a.j.c.IncludeController: loadIncludedElements -- try to load included module: F:\apache-jmeter-4.0\bin\associate_a_product_with_class2.jmx
2020-07-13 14:21:08,778 INFO o.a.j.s.SaveService: Loading file: associate_a_product_with_class2.jmx
2020-07-13 14:21:08,779 INFO o.a.j.c.IncludeController: loadIncludedElements -- try to load included module: F:\apache-jmeter-4.0\bin\Join_Spaces_with_product_code_and_class_code.jmx
2020-07-13 14:21:08,779 INFO o.a.j.s.SaveService: Loading file: Join_Spaces_with_product_code_and_class_code.jmx
2020-07-13 14:21:08,780 INFO o.a.j.c.IncludeController: loadIncludedElements -- try to load included module: F:\apache-jmeter-4.0\bin\send_invitation_to_existing_students_from_teacher2.jmx
2020-07-13 14:21:08,780 INFO o.a.j.s.SaveService: Loading file: send_invitation_to_existing_students_from_teacher2.jmx
2020-07-13 14:21:08,781 INFO o.a.j.c.IncludeController: loadIncludedElements -- try to load included module: F:\apache-jmeter-4.0\bin\Get_multiple_invitations_by_contextid_existing_student.jmx
2020-07-13 14:21:08,781 INFO o.a.j.s.SaveService: Loading file: Get_multiple_invitations_by_contextid_existing_student.jmx
2020-07-13 14:21:08,782 INFO o.a.j.c.IncludeController: loadIncludedElements -- try to load included module: F:\apache-jmeter-4.0\bin\Get_all_the_User_Spaces.jmx
2020-07-13 14:21:08,782 INFO o.a.j.s.SaveService: Loading file: Get_all_the_User_Spaces.jmx
2020-07-13 14:21:08,783 INFO o.a.j.c.IncludeController: loadIncludedElements -- try to load included module: F:\apache-jmeter-4.0\bin\Get_an_access_token_for_an_external_user.jmx
2020-07-13 14:21:08,783 INFO o.a.j.s.SaveService: Loading file: Get_an_access_token_for_an_external_user.jmx
2020-07-13 14:21:08,784 INFO o.a.j.c.IncludeController: loadIncludedElements -- try to load included module: F:\apache-jmeter-4.0\bin\Get_all_the_User_Spaces.jmx
2020-07-13 14:21:08,784 INFO o.a.j.s.SaveService: Loading file: Get_all_the_User_Spaces.jmx
2020-07-13 14:21:08,784 INFO o.a.j.c.IncludeController: loadIncludedElements -- try to load included module: F:\apache-jmeter-4.0\bin\Get_an_access_token_for_an_external_user.jmx
2020-07-13 14:21:08,784 INFO o.a.j.s.SaveService: Loading file: Get_an_access_token_for_an_external_user.jmx
2020-07-13 14:21:08,786 INFO o.a.j.c.IncludeController: loadIncludedElements -- try to load included module: F:\apache-jmeter-4.0\bin\get_classes_of_an_user.jmx
2020-07-13 14:21:08,786 INFO o.a.j.s.SaveService: Loading file: get_classes_of_an_user.jmx
2020-07-13 14:21:08,787 INFO o.a.j.c.IncludeController: loadIncludedElements -- try to load included module: F:\apache-jmeter-4.0\bin\send_invitation_to_new_students.jmx
2020-07-13 14:21:08,787 INFO o.a.j.s.SaveService: Loading file: send_invitation_to_new_students.jmx
2020-07-13 14:21:08,788 INFO o.a.j.c.IncludeController: loadIncludedElements -- try to load included module: F:\apache-jmeter-4.0\bin\Get_multiple_invitations_by_contextid.jmx
2020-07-13 14:21:08,788 INFO o.a.j.s.SaveService: Loading file: Get_multiple_invitations_by_contextid.jmx
2020-07-13 14:21:08,789 INFO o.a.j.c.IncludeController: loadIncludedElements -- try to load included module: F:\apache-jmeter-4.0\bin\join_Spaces_with_product_code_and_class_code_private.jmx
2020-07-13 14:21:08,789 INFO o.a.j.s.SaveService: Loading file: join_Spaces_with_product_code_and_class_code_private.jmx
2020-07-13 14:21:08,790 INFO o.a.j.c.IncludeController: loadIncludedElements -- try to load included module: F:\apache-jmeter-4.0\bin\Get_all_the_User_Spaces.jmx
2020-07-13 14:21:08,790 INFO o.a.j.s.SaveService: Loading file: Get_all_the_User_Spaces.jmx
2020-07-13 14:21:08,791 INFO o.a.j.c.IncludeController: loadIncludedElements -- try to load included module: F:\apache-jmeter-4.0\bin\Get_an_access_token_for_an_external_user.jmx
2020-07-13 14:21:08,791 INFO o.a.j.s.SaveService: Loading file: Get_an_access_token_for_an_external_user.jmx
2020-07-13 14:21:08,792 INFO o.a.j.c.IncludeController: loadIncludedElements -- try to load included module: F:\apache-jmeter-4.0\bin\get_global_entitlements_of_a_user.jmx
2020-07-13 14:21:08,793 INFO o.a.j.s.SaveService: Loading file: get_global_entitlements_of_a_user.jmx
2020-07-13 14:21:08,794 INFO o.a.j.c.IncludeController: loadIncludedElements -- try to load included module: F:\apache-jmeter-4.0\bin\Get_all_the_User_Spaces.jmx
2020-07-13 14:21:08,794 INFO o.a.j.s.SaveService: Loading file: Get_all_the_User_Spaces.jmx
2020-07-13 14:21:08,795 INFO o.a.j.c.IncludeController: loadIncludedElements -- try to load included module: F:\apache-jmeter-4.0\bin\Get_an_access_token_for_an_external_user.jmx
2020-07-13 14:21:08,795 INFO o.a.j.s.SaveService: Loading file: Get_an_access_token_for_an_external_user.jmx
2020-07-13 14:21:08,796 INFO o.a.j.c.IncludeController: loadIncludedElements -- try to load included module: F:\apache-jmeter-4.0\bin\get_classes_of_an_user.jmx
2020-07-13 14:21:08,796 INFO o.a.j.s.SaveService: Loading file: get_classes_of_an_user.jmx
2020-07-13 14:21:08,797 INFO o.a.j.c.IncludeController: loadIncludedElements -- try to load included module: F:\apache-jmeter-4.0\bin\get_all_the_User_Spaces.jmx
2020-07-13 14:21:08,797 INFO o.a.j.s.SaveService: Loading file: get_all_the_User_Spaces.jmx
2020-07-13 14:21:08,798 INFO o.a.j.c.IncludeController: loadIncludedElements -- try to load included module: F:\apache-jmeter-4.0\bin\get_an_access_token_for_an_external_user.jmx
2020-07-13 14:21:08,798 INFO o.a.j.s.SaveService: Loading file: get_an_access_token_for_an_external_user.jmx
2020-07-13 14:21:08,798 INFO o.a.j.c.IncludeController: loadIncludedElements -- try to load included module: F:\apache-jmeter-4.0\bin\get_classes_of_an_user.jmx
2020-07-13 14:21:08,798 INFO o.a.j.s.SaveService: Loading file: get_classes_of_an_user.jmx
2020-07-13 14:21:08,800 INFO o.a.j.c.IncludeController: loadIncludedElements -- try to load included module: F:\apache-jmeter-4.0\bin\Join_a_space_with_space_code.jmx
2020-07-13 14:21:08,800 INFO o.a.j.s.SaveService: Loading file: Join_a_space_with_space_code.jmx
2020-07-13 14:21:08,801 INFO o.a.j.c.IncludeController: loadIncludedElements -- try to load included module: F:\apache-jmeter-4.0\bin\Get_all_the_User_Spaces.jmx
2020-07-13 14:21:08,801 INFO o.a.j.s.SaveService: Loading file: Get_all_the_User_Spaces.jmx
2020-07-13 14:21:08,802 INFO o.a.j.c.IncludeController: loadIncludedElements -- try to load included module: F:\apache-jmeter-4.0\bin\Get_an_access_token_for_an_external_user.jmx
2020-07-13 14:21:08,803 INFO o.a.j.s.SaveService: Loading file: Get_an_access_token_for_an_external_user.jmx
2020-07-13 14:21:08,804 INFO o.a.j.c.IncludeController: loadIncludedElements -- try to load included module: F:\apache-jmeter-4.0\bin\create_new_instructor_led_class.jmx
2020-07-13 14:21:08,804 INFO o.a.j.s.SaveService: Loading file: create_new_instructor_led_class.jmx
2020-07-13 14:21:08,805 INFO o.a.j.c.IncludeController: loadIncludedElements -- try to load included module: F:\apache-jmeter-4.0\bin\associate_a_product_with_class2.jmx
2020-07-13 14:21:08,805 INFO o.a.j.s.SaveService: Loading file: associate_a_product_with_class2.jmx
2020-07-13 14:21:08,806 INFO o.a.j.c.IncludeController: loadIncludedElements -- try to load included module: F:\apache-jmeter-4.0\bin\create_an_assigned_path_in_a_class.jmx
2020-07-13 14:21:08,807 INFO o.a.j.s.SaveService: Loading file: create_an_assigned_path_in_a_class.jmx
2020-07-13 14:21:08,808 INFO o.a.j.JMeter: Creating summariser <summary>
2020-07-13 14:21:08,815 INFO o.a.j.e.StandardJMeterEngine: Running the test!
2020-07-13 14:21:08,815 INFO o.a.j.s.SampleEvent: List of sample_variables: []
2020-07-13 14:21:08,815 INFO o.a.j.s.SampleEvent: List of sample_variables: []
2020-07-13 14:21:08,820 INFO o.a.j.e.u.CompoundVariable: Note: Function class names must contain the string: '.functions.'
2020-07-13 14:21:08,820 INFO o.a.j.e.u.CompoundVariable: Note: Function class names must not contain the string: '.gui.'
2020-07-13 14:21:09,338 INFO o.a.j.JMeter: Running test (1594630269338)
2020-07-13 14:21:09,378 INFO o.a.j.e.StandardJMeterEngine: Starting ThreadGroup: 1 : Performance Test Data Setup
2020-07-13 14:21:09,378 INFO o.a.j.e.StandardJMeterEngine: Starting 1 threads for group Performance Test Data Setup.
2020-07-13 14:21:09,378 INFO o.a.j.e.StandardJMeterEngine: Thread will continue on error
2020-07-13 14:21:09,378 INFO o.a.j.t.ThreadGroup: Starting thread group... number=1 threads=1 ramp-up=1 perThread=1000.0 delayedStart=false
2020-07-13 14:21:09,390 INFO o.a.j.c.IncludeController: loadIncludedElements -- try to load included module: F:\apache-jmeter-4.0\bin\Join_a_space_with_space_code.jmx
2020-07-13 14:21:09,391 INFO o.a.j.s.SaveService: Loading file: Join_a_space_with_space_code.jmx
2020-07-13 14:21:09,392 INFO o.a.j.c.IncludeController: loadIncludedElements -- try to load included module: F:\apache-jmeter-4.0\bin\Get_all_the_User_Spaces.jmx
2020-07-13 14:21:09,392 INFO o.a.j.s.SaveService: Loading file: Get_all_the_User_Spaces.jmx
2020-07-13 14:21:09,393 INFO o.a.j.c.IncludeController: loadIncludedElements -- try to load included module: F:\apache-jmeter-4.0\bin\Get_an_access_token_for_an_external_user.jmx
2020-07-13 14:21:09,393 INFO o.a.j.s.SaveService: Loading file: Get_an_access_token_for_an_external_user.jmx
2020-07-13 14:21:09,394 INFO o.a.j.c.IncludeController: loadIncludedElements -- try to load included module: F:\apache-jmeter-4.0\bin\create_new_instructor_led_class.jmx
2020-07-13 14:21:09,395 INFO o.a.j.s.SaveService: Loading file: create_new_instructor_led_class.jmx
2020-07-13 14:21:09,396 INFO o.a.j.c.IncludeController: loadIncludedElements -- try to load included module: F:\apache-jmeter-4.0\bin\associate_a_product_with_class2.jmx
2020-07-13 14:21:09,396 INFO o.a.j.s.SaveService: Loading file: associate_a_product_with_class2.jmx
2020-07-13 14:21:09,397 INFO o.a.j.c.IncludeController: loadIncludedElements -- try to load included module: F:\apache-jmeter-4.0\bin\create_an_assigned_path_in_a_class.jmx
2020-07-13 14:21:09,397 INFO o.a.j.s.SaveService: Loading file: create_an_assigned_path_in_a_class.jmx
2020-07-13 14:21:09,418 INFO o.a.j.t.ThreadGroup: Started thread group number 1
2020-07-13 14:21:09,418 INFO o.a.j.e.StandardJMeterEngine: All thread groups have been started
2020-07-13 14:21:09,422 INFO o.a.j.t.JMeterThread: Thread started: Performance Test Data Setup 1-1
2020-07-13 14:21:09,451 INFO o.a.j.p.h.s.HTTPHCAbstractImpl: Local host = Piyush
2020-07-13 14:21:09,459 INFO o.a.j.p.h.s.HTTPHC4Impl: HTTP request retry count = 0
2020-07-13 14:21:09,467 INFO o.a.j.s.SampleResult: Note: Sample TimeStamps are START times
2020-07-13 14:21:09,467 INFO o.a.j.s.SampleResult: sampleresult.default.encoding is set to ISO-8859-1
2020-07-13 14:21:09,467 INFO o.a.j.s.SampleResult: sampleresult.useNanoTime=true
2020-07-13 14:21:09,467 INFO o.a.j.s.SampleResult: sampleresult.nanoThreadSleep=5000
2020-07-13 14:21:10,564 INFO o.a.j.r.Summariser: summary +      1 in 00:00:01 =    0.8/s Avg:  1033 Min:  1033 Max:  1033 Err:     0 (0.00%) Active: 1 Started: 1 Finished: 0
2020-07-13 14:22:12,343 INFO o.a.j.r.Summariser: summary +      1 in 00:01:02 =    0.0/s Avg:   669 Min:   669 Max:   669 Err:     0 (0.00%) Active: 1 Started: 1 Finished: 0
2020-07-13 14:22:12,343 INFO o.a.j.r.Summariser: summary =      2 in 00:01:03 =    0.0/s Avg:   851 Min:   669 Max:  1033 Err:     0 (0.00%)
2020-07-13 14:22:28,834 INFO o.a.j.r.Summariser: summary +      3 in 00:00:16 =    0.2/s Avg:   580 Min:   441 Max:   712 Err:     0 (0.00%) Active: 1 Started: 1 Finished: 0
2020-07-13 14:22:28,834 INFO o.a.j.r.Summariser: summary =      5 in 00:01:19 =    0.1/s Avg:   688 Min:   441 Max:  1033 Err:     0 (0.00%)
2020-07-13 14:23:42,865 INFO o.a.j.r.Summariser: summary +      1 in 00:01:14 =    0.0/s Avg:   659 Min:   659 Max:   659 Err:     0 (0.00%) Active: 1 Started: 1 Finished: 0
2020-07-13 14:23:42,865 INFO o.a.j.r.Summariser: summary =      6 in 00:02:34 =    0.0/s Avg:   683 Min:   441 Max:  1033 Err:     0 (0.00%)
2020-07-13 14:24:10,359 INFO o.a.j.r.Summariser: summary +      2 in 00:00:27 =    0.1/s Avg:   315 Min:     3 Max:   628 Err:     0 (0.00%) Active: 1 Started: 1 Finished: 0
2020-07-13 14:24:10,360 INFO o.a.j.r.Summariser: summary =      8 in 00:03:01 =    0.0/s Avg:   591 Min:     3 Max:  1033 Err:     0 (0.00%)
2020-07-13 14:24:33,360 INFO o.a.j.r.Summariser: summary +      2 in 00:00:23 =    0.1/s Avg:   323 Min:     0 Max:   646 Err:     0 (0.00%) Active: 1 Started: 1 Finished: 0
2020-07-13 14:24:33,360 INFO o.a.j.r.Summariser: summary =     10 in 00:03:24 =    0.0/s Avg:   537 Min:     0 Max:  1033 Err:     0 (0.00%)
2020-07-13 14:24:59,729 INFO o.a.j.r.Summariser: summary +      2 in 00:00:26 =    0.1/s Avg:   319 Min:     1 Max:   638 Err:     0 (0.00%) Active: 1 Started: 1 Finished: 0
2020-07-13 14:24:59,729 INFO o.a.j.r.Summariser: summary =     12 in 00:03:50 =    0.1/s Avg:   501 Min:     0 Max:  1033 Err:     0 (0.00%)
2020-07-13 14:25:24,841 INFO o.a.j.r.Summariser: summary +      2 in 00:00:25 =    0.1/s Avg:   321 Min:     0 Max:   642 Err:     0 (0.00%) Active: 1 Started: 1 Finished: 0
2020-07-13 14:25:24,841 INFO o.a.j.r.Summariser: summary =     14 in 00:04:16 =    0.1/s Avg:   475 Min:     0 Max:  1033 Err:     0 (0.00%)
2020-07-13 14:25:38,873 INFO o.a.j.r.Summariser: summary +      2 in 00:00:14 =    0.1/s Avg:    20 Min:     0 Max:    40 Err:     0 (0.00%) Active: 1 Started: 1 Finished: 0
2020-07-13 14:25:38,873 INFO o.a.j.r.Summariser: summary =     16 in 00:04:30 =    0.1/s Avg:   418 Min:     0 Max:  1033 Err:     0 (0.00%)
2020-07-13 14:25:38,873 INFO o.a.j.t.JMeterThread: Thread is done: Performance Test Data Setup 1-1
2020-07-13 14:25:38,873 INFO o.a.j.t.JMeterThread: Thread finished: Performance Test Data Setup 1-1
2020-07-13 14:25:38,874 INFO o.a.j.e.StandardJMeterEngine: Notifying test listeners of end of test
2020-07-13 14:25:38,875 INFO o.a.j.r.Summariser: summary =     16 in 00:04:30 =    0.1/s Avg:   418 Min:     0 Max:  1033 Err:     0 (0.00%)
